This is e-upTeX, Version 3.14159265-p3.8.2-u1.24-190131-2.6 (utf8.uptex) (TeX Live 2019/Arch Linux) (preloaded format=uplatex 2020.4.2)  16 APR 2020 00:14
entering extended mode
 restricted \write18 enabled.
 file:line:error style messages enabled.
 %&-line parsing enabled.
**lambdaeff_macro.tex
(./lambdaeff_macro.tex
pLaTeX2e <2019-10-01u02>+1 (based on LaTeX2e <2019-10-01> patch level 1)
)
*
! Interruption.
<*> 
     
Here is how much of TeX's memory you used:
 42 strings out of 492752
 305 string characters out of 6145122
 64093 words of memory out of 5000000
 4594 multiletter control sequences out of 15000+600000
 6281 words of font info for 32 fonts, out of 8000000 for 9000
 929 hyphenation exceptions out of 8191
 7i,0n,7p,93b,10s stack positions out of 5000i,500n,10000p,200000b,80000s

No pages of output.
