This is e-upTeX, Version 3.14159265-p3.8.2-u1.24-190131-2.6 (utf8.uptex) (TeX Live 2019/Arch Linux) (preloaded format=uplatex 2020.4.2)  16 APR 2020 00:14
entering extended mode
 restricted \write18 enabled.
 file:line:error style messages enabled.
 %&-line parsing enabled.
**main.tex
(./main.tex
pLaTeX2e <2019-10-01u02>+1 (based on LaTeX2e <2019-10-01> patch level 1)
(/usr/share/texmf-dist/tex/generic/oberdiek/ifluatex.sty
Package: ifluatex 2016/05/16 v1.4 Provides the ifluatex switch (HO)
Package ifluatex Info: LuaTeX not detected.
)
(/usr/share/texmf-dist/tex/platex/jsclasses/jsarticle.cls
Document Class: jsarticle 2019/07/25 jsclasses (okumura, texjporg)
\jsc@mpt=\dimen118
\jsc@mmm=\dimen119
\jsc@smallskipamount=\skip41
LaTeX Info: Redefining \rmfamily on input line 466.
LaTeX Info: Redefining \sffamily on input line 469.
LaTeX Info: Redefining \ttfamily on input line 472.
LaTeX Info: Redefining \textmc on input line 476.
LaTeX Info: Redefining \textgt on input line 478.
\symmincho=\mathgroup4
LaTeX Font Info:    Overwriting symbol font `mincho' in version `bold'
(Font)                  JY2/mc/m/n --> JY2/gt/m/n on input line 540.
LaTeX Font Info:    Font shape `JT2/mc/m/n' will be
(Font)              scaled to size 9.24683pt on input line 731.
LaTeX Font Info:    Font shape `JY2/mc/m/n' will be
(Font)              scaled to size 9.24683pt on input line 731.
\fullwidth=\dimen120
LaTeX Font Info:    Font shape `JT2/mc/m/n' will be
(Font)              scaled to size 7.39746pt on input line 884.
LaTeX Font Info:    Font shape `JY2/mc/m/n' will be
(Font)              scaled to size 7.39746pt on input line 884.
\c@part=\count83
\c@section=\count84
\c@subsection=\count85
\c@subsubsection=\count86
\c@paragraph=\count87
\c@subparagraph=\count88
\@abstractbox=\box43
\c@figure=\count89
\c@table=\count90
\abovecaptionskip=\skip42
\belowcaptionskip=\skip43
\jsc@tocl@width=\dimen121
\@lnumwidth=\dimen122
\bibindent=\dimen123
(/usr/share/texmf-dist/tex/platex/jsclasses/jslogo.sty
Package: jslogo 2019/07/25 okumura, texjporg
LaTeX Info: Redefining \TeX on input line 94.
LaTeX Info: Redefining \LaTeX on input line 147.
LaTeX Info: Redefining \LaTeXe on input line 200.
)
\heisei=\count91
)
(/usr/share/texmf-dist/tex/latex/graphics/graphicx.sty
Package: graphicx 2017/06/01 v1.1a Enhanced LaTeX Graphics (DPC,SPQR)

(/usr/share/texmf-dist/tex/latex/graphics/keyval.sty
Package: keyval 2014/10/28 v1.15 key=value parser (DPC)
\KV@toks@=\toks15
)
(/usr/share/texmf-dist/tex/latex/graphics/graphics.sty
Package: graphics 2019/10/08 v1.3c Standard LaTeX Graphics (DPC,SPQR)

(/usr/share/texmf-dist/tex/latex/graphics/trig.sty
Package: trig 2016/01/03 v1.10 sin cos tan (DPC)
)
(/usr/share/texmf-dist/tex/latex/graphics-cfg/graphics.cfg
File: graphics.cfg 2016/06/04 v1.11 sample graphics configuration
)
Package graphics Info: Driver file: dvipdfmx.def on input line 105.

(/usr/share/texmf-dist/tex/latex/graphics-def/dvipdfmx.def
File: dvipdfmx.def 2017/06/24 v5.0g Graphics/color driver for dvipdfmx
))
\Gin@req@height=\dimen124
\Gin@req@width=\dimen125
)
(/usr/share/texmf-dist/tex/latex/amsmath/amsmath.sty
Package: amsmath 2019/04/01 v2.17c AMS math features
\@mathmargin=\skip44

For additional information on amsmath, use the `?' option.
(/usr/share/texmf-dist/tex/latex/amsmath/amstext.sty
Package: amstext 2000/06/29 v2.01 AMS text

(/usr/share/texmf-dist/tex/latex/amsmath/amsgen.sty
File: amsgen.sty 1999/11/30 v2.0 generic functions
\@emptytoks=\toks16
\ex@=\dimen126
))
(/usr/share/texmf-dist/tex/latex/amsmath/amsbsy.sty
Package: amsbsy 1999/11/29 v1.2d Bold Symbols
\pmbraise@=\dimen127
)
(/usr/share/texmf-dist/tex/latex/amsmath/amsopn.sty
Package: amsopn 2016/03/08 v2.02 operator names
)
\inf@bad=\count92
LaTeX Info: Redefining \frac on input line 227.
\uproot@=\count93
\leftroot@=\count94
LaTeX Info: Redefining \overline on input line 389.
\classnum@=\count95
\DOTSCASE@=\count96
LaTeX Info: Redefining \ldots on input line 486.
LaTeX Info: Redefining \dots on input line 489.
LaTeX Info: Redefining \cdots on input line 610.
\Mathstrutbox@=\box44
\strutbox@=\box45
\big@size=\dimen128
LaTeX Font Info:    Redeclaring font encoding OML on input line 733.
LaTeX Font Info:    Redeclaring font encoding OMS on input line 734.
\macc@depth=\count97
\c@MaxMatrixCols=\count98
\dotsspace@=\muskip10
\c@parentequation=\count99
\dspbrk@lvl=\count100
\tag@help=\toks17
\row@=\count101
\column@=\count102
\maxfields@=\count103
\andhelp@=\toks18
\eqnshift@=\dimen129
\alignsep@=\dimen130
\tagshift@=\dimen131
\tagwidth@=\dimen132
\totwidth@=\dimen133
\lineht@=\dimen134
\@envbody=\toks19
\multlinegap=\skip45
\multlinetaggap=\skip46
\mathdisplay@stack=\toks20
LaTeX Info: Redefining \[ on input line 2855.
LaTeX Info: Redefining \] on input line 2856.
)
(/usr/share/texmf-dist/tex/latex/amsfonts/amssymb.sty
Package: amssymb 2013/01/14 v3.01 AMS font symbols

(/usr/share/texmf-dist/tex/latex/amsfonts/amsfonts.sty
Package: amsfonts 2013/01/14 v3.01 Basic AMSFonts support
\symAMSa=\mathgroup5
\symAMSb=\mathgroup6
LaTeX Font Info:    Redeclaring math symbol \hbar on input line 98.
LaTeX Font Info:    Overwriting math alphabet `\mathfrak' in version `bold'
(Font)                  U/euf/m/n --> U/euf/b/n on input line 106.
))
(/home/nymphium/.texlive/texmf-var/tex/latex/bcprules/bcprules.sty
\afterruleskip=\skip47
\labelminsep=\skip48
\labelcolwidth=\dimen135
\@labelbox=\box46
\rulebox=\box47
\ruledim=\dimen136
\labeldim=\dimen137
)
(/usr/share/texmf-dist/tex/latex/mathtools/mathtools.sty
Package: mathtools 2019/07/31 v1.22 mathematical typesetting tools

(/usr/share/texmf-dist/tex/latex/tools/calc.sty
Package: calc 2017/05/25 v4.3 Infix arithmetic (KKT,FJ)
\calc@Acount=\count104
\calc@Bcount=\count105
\calc@Adimen=\dimen138
\calc@Bdimen=\dimen139
\calc@Askip=\skip49
\calc@Bskip=\skip50
LaTeX Info: Redefining \setlength on input line 80.
LaTeX Info: Redefining \addtolength on input line 81.
\calc@Ccount=\count106
\calc@Cskip=\skip51
)
(/usr/share/texmf-dist/tex/latex/mathtools/mhsetup.sty
Package: mhsetup 2017/03/31 v1.3 programming setup (MH)
)
LaTeX Info: Thecontrolsequence`\('isalreadyrobust on input line 129.
LaTeX Info: Thecontrolsequence`\)'isalreadyrobust on input line 129.
LaTeX Info: Thecontrolsequence`\['isalreadyrobust on input line 129.
LaTeX Info: Thecontrolsequence`\]'isalreadyrobust on input line 129.
\g_MT_multlinerow_int=\count107
\l_MT_multwidth_dim=\dimen140
\origjot=\skip52
\l_MT_shortvdotswithinadjustabove_dim=\dimen141
\l_MT_shortvdotswithinadjustbelow_dim=\dimen142
\l_MT_above_intertext_sep=\dimen143
\l_MT_below_intertext_sep=\dimen144
\l_MT_above_shortintertext_sep=\dimen145
\l_MT_below_shortintertext_sep=\dimen146
)
(/usr/share/texmf-dist/tex/latex/tools/xspace.sty
Package: xspace 2014/10/28 v1.13 Space after command names (DPC,MH)
)
(/usr/share/texmf-dist/tex/latex/tcolorbox/tcolorbox.sty
Package: tcolorbox 2019/09/19 version 4.21 text color boxes

(/usr/share/texmf-dist/tex/latex/pgf/basiclayer/pgf.sty
(/usr/share/texmf-dist/tex/latex/pgf/utilities/pgfrcs.sty
(/usr/share/texmf-dist/tex/generic/pgf/utilities/pgfutil-common.tex
\pgfutil@everybye=\toks21
\pgfutil@tempdima=\dimen147
\pgfutil@tempdimb=\dimen148

(/usr/share/texmf-dist/tex/generic/pgf/utilities/pgfutil-common-lists.tex))
(/usr/share/texmf-dist/tex/generic/pgf/utilities/pgfutil-latex.def
\pgfutil@abb=\box48

(/usr/share/texmf-dist/tex/latex/ms/everyshi.sty
Package: everyshi 2001/05/15 v3.00 EveryShipout Package (MS)
))
(/usr/share/texmf-dist/tex/generic/pgf/utilities/pgfrcs.code.tex
(/usr/share/texmf-dist/tex/generic/pgf/pgf.revision.tex)
Package: pgfrcs 2019/08/03 v3.1.4b (3.1.4b)
))
Package: pgf 2019/08/03 v3.1.4b (3.1.4b)

(/usr/share/texmf-dist/tex/latex/pgf/basiclayer/pgfcore.sty
(/usr/share/texmf-dist/tex/latex/pgf/systemlayer/pgfsys.sty
(/usr/share/texmf-dist/tex/generic/pgf/systemlayer/pgfsys.code.tex
Package: pgfsys 2019/08/03 v3.1.4b (3.1.4b)

(/usr/share/texmf-dist/tex/generic/pgf/utilities/pgfkeys.code.tex
\pgfkeys@pathtoks=\toks22
\pgfkeys@temptoks=\toks23

(/usr/share/texmf-dist/tex/generic/pgf/utilities/pgfkeysfiltered.code.tex
\pgfkeys@tmptoks=\toks24
))
\pgf@x=\dimen149
\pgf@y=\dimen150
\pgf@xa=\dimen151
\pgf@ya=\dimen152
\pgf@xb=\dimen153
\pgf@yb=\dimen154
\pgf@xc=\dimen155
\pgf@yc=\dimen156
\pgf@xd=\dimen157
\pgf@yd=\dimen158
\w@pgf@writea=\write3
\r@pgf@reada=\read1
\c@pgf@counta=\count108
\c@pgf@countb=\count109
\c@pgf@countc=\count110
\c@pgf@countd=\count111
\t@pgf@toka=\toks25
\t@pgf@tokb=\toks26
\t@pgf@tokc=\toks27
\pgf@sys@id@count=\count112

(/usr/share/texmf-dist/tex/generic/pgf/systemlayer/pgf.cfg
File: pgf.cfg 2019/08/03 v3.1.4b (3.1.4b)
)
Driver file for pgf: pgfsys-dvipdfmx.def

(/usr/share/texmf-dist/tex/generic/pgf/systemlayer/pgfsys-dvipdfmx.def
File: pgfsys-dvipdfmx.def 2019/08/03 v3.1.4b (3.1.4b)

(/usr/share/texmf-dist/tex/generic/pgf/systemlayer/pgfsys-common-pdf.def
File: pgfsys-common-pdf.def 2019/08/03 v3.1.4b (3.1.4b)
)
\pgfsys@objnum=\count113
))
(/usr/share/texmf-dist/tex/generic/pgf/systemlayer/pgfsyssoftpath.code.tex
File: pgfsyssoftpath.code.tex 2019/08/03 v3.1.4b (3.1.4b)
\pgfsyssoftpath@smallbuffer@items=\count114
\pgfsyssoftpath@bigbuffer@items=\count115
)
(/usr/share/texmf-dist/tex/generic/pgf/systemlayer/pgfsysprotocol.code.tex
File: pgfsysprotocol.code.tex 2019/08/03 v3.1.4b (3.1.4b)
))
(/usr/share/texmf-dist/tex/latex/xcolor/xcolor.sty
Package: xcolor 2016/05/11 v2.12 LaTeX color extensions (UK)

(/usr/share/texmf-dist/tex/latex/graphics-cfg/color.cfg
File: color.cfg 2016/01/02 v1.6 sample color configuration
)
Package xcolor Info: Driver file: dvipdfmx.def on input line 225.
Package xcolor Info: Model `cmy' substituted by `cmy0' on input line 1348.
Package xcolor Info: Model `RGB' extended on input line 1364.
Package xcolor Info: Model `HTML' substituted by `rgb' on input line 1366.
Package xcolor Info: Model `Hsb' substituted by `hsb' on input line 1367.
Package xcolor Info: Model `tHsb' substituted by `hsb' on input line 1368.
Package xcolor Info: Model `HSB' substituted by `hsb' on input line 1369.
Package xcolor Info: Model `Gray' substituted by `gray' on input line 1370.
Package xcolor Info: Model `wave' substituted by `hsb' on input line 1371.
)
(/usr/share/texmf-dist/tex/generic/pgf/basiclayer/pgfcore.code.tex
Package: pgfcore 2019/08/03 v3.1.4b (3.1.4b)

(/usr/share/texmf-dist/tex/generic/pgf/math/pgfmath.code.tex
(/usr/share/texmf-dist/tex/generic/pgf/math/pgfmathcalc.code.tex
(/usr/share/texmf-dist/tex/generic/pgf/math/pgfmathutil.code.tex)
(/usr/share/texmf-dist/tex/generic/pgf/math/pgfmathparser.code.tex
\pgfmath@dimen=\dimen159
\pgfmath@count=\count116
\pgfmath@box=\box49
\pgfmath@toks=\toks28
\pgfmath@stack@operand=\toks29
\pgfmath@stack@operation=\toks30
)
(/usr/share/texmf-dist/tex/generic/pgf/math/pgfmathfunctions.code.tex
(/usr/share/texmf-dist/tex/generic/pgf/math/pgfmathfunctions.basic.code.tex)
(/usr/share/texmf-dist/tex/generic/pgf/math/pgfmathfunctions.trigonometric.code
.tex)
(/usr/share/texmf-dist/tex/generic/pgf/math/pgfmathfunctions.random.code.tex)
(/usr/share/texmf-dist/tex/generic/pgf/math/pgfmathfunctions.comparison.code.te
x) (/usr/share/texmf-dist/tex/generic/pgf/math/pgfmathfunctions.base.code.tex)
(/usr/share/texmf-dist/tex/generic/pgf/math/pgfmathfunctions.round.code.tex)
(/usr/share/texmf-dist/tex/generic/pgf/math/pgfmathfunctions.misc.code.tex)
(/usr/share/texmf-dist/tex/generic/pgf/math/pgfmathfunctions.integerarithmetics
.code.tex))) (/usr/share/texmf-dist/tex/generic/pgf/math/pgfmathfloat.code.tex
\c@pgfmathroundto@lastzeros=\count117
)) (/usr/share/texmf-dist/tex/generic/pgf/math/pgfint.code.tex)
(/usr/share/texmf-dist/tex/generic/pgf/basiclayer/pgfcorepoints.code.tex
File: pgfcorepoints.code.tex 2019/08/03 v3.1.4b (3.1.4b)
\pgf@picminx=\dimen160
\pgf@picmaxx=\dimen161
\pgf@picminy=\dimen162
\pgf@picmaxy=\dimen163
\pgf@pathminx=\dimen164
\pgf@pathmaxx=\dimen165
\pgf@pathminy=\dimen166
\pgf@pathmaxy=\dimen167
\pgf@xx=\dimen168
\pgf@xy=\dimen169
\pgf@yx=\dimen170
\pgf@yy=\dimen171
\pgf@zx=\dimen172
\pgf@zy=\dimen173
)
(/usr/share/texmf-dist/tex/generic/pgf/basiclayer/pgfcorepathconstruct.code.tex
File: pgfcorepathconstruct.code.tex 2019/08/03 v3.1.4b (3.1.4b)
\pgf@path@lastx=\dimen174
\pgf@path@lasty=\dimen175
) (/usr/share/texmf-dist/tex/generic/pgf/basiclayer/pgfcorepathusage.code.tex
File: pgfcorepathusage.code.tex 2019/08/03 v3.1.4b (3.1.4b)
\pgf@shorten@end@additional=\dimen176
\pgf@shorten@start@additional=\dimen177
)
(/usr/share/texmf-dist/tex/generic/pgf/basiclayer/pgfcorescopes.code.tex
File: pgfcorescopes.code.tex 2019/08/03 v3.1.4b (3.1.4b)
\pgfpic=\box50
\pgf@hbox=\box51
\pgf@layerbox@main=\box52
\pgf@picture@serial@count=\count118
)
(/usr/share/texmf-dist/tex/generic/pgf/basiclayer/pgfcoregraphicstate.code.tex
File: pgfcoregraphicstate.code.tex 2019/08/03 v3.1.4b (3.1.4b)
\pgflinewidth=\dimen178
)
(/usr/share/texmf-dist/tex/generic/pgf/basiclayer/pgfcoretransformations.code.t
ex
File: pgfcoretransformations.code.tex 2019/08/03 v3.1.4b (3.1.4b)
\pgf@pt@x=\dimen179
\pgf@pt@y=\dimen180
\pgf@pt@temp=\dimen181
) (/usr/share/texmf-dist/tex/generic/pgf/basiclayer/pgfcorequick.code.tex
File: pgfcorequick.code.tex 2019/08/03 v3.1.4b (3.1.4b)
)
(/usr/share/texmf-dist/tex/generic/pgf/basiclayer/pgfcoreobjects.code.tex
File: pgfcoreobjects.code.tex 2019/08/03 v3.1.4b (3.1.4b)
)
(/usr/share/texmf-dist/tex/generic/pgf/basiclayer/pgfcorepathprocessing.code.te
x
File: pgfcorepathprocessing.code.tex 2019/08/03 v3.1.4b (3.1.4b)
) (/usr/share/texmf-dist/tex/generic/pgf/basiclayer/pgfcorearrows.code.tex
File: pgfcorearrows.code.tex 2019/08/03 v3.1.4b (3.1.4b)
\pgfarrowsep=\dimen182
)
(/usr/share/texmf-dist/tex/generic/pgf/basiclayer/pgfcoreshade.code.tex
File: pgfcoreshade.code.tex 2019/08/03 v3.1.4b (3.1.4b)
\pgf@max=\dimen183
\pgf@sys@shading@range@num=\count119
\pgf@shadingcount=\count120
)
(/usr/share/texmf-dist/tex/generic/pgf/basiclayer/pgfcoreimage.code.tex
File: pgfcoreimage.code.tex 2019/08/03 v3.1.4b (3.1.4b)

(/usr/share/texmf-dist/tex/generic/pgf/basiclayer/pgfcoreexternal.code.tex
File: pgfcoreexternal.code.tex 2019/08/03 v3.1.4b (3.1.4b)
\pgfexternal@startupbox=\box53
))
(/usr/share/texmf-dist/tex/generic/pgf/basiclayer/pgfcorelayers.code.tex
File: pgfcorelayers.code.tex 2019/08/03 v3.1.4b (3.1.4b)
)
(/usr/share/texmf-dist/tex/generic/pgf/basiclayer/pgfcoretransparency.code.tex
File: pgfcoretransparency.code.tex 2019/08/03 v3.1.4b (3.1.4b)
) (/usr/share/texmf-dist/tex/generic/pgf/basiclayer/pgfcorepatterns.code.tex
File: pgfcorepatterns.code.tex 2019/08/03 v3.1.4b (3.1.4b)
)
(/usr/share/texmf-dist/tex/generic/pgf/basiclayer/pgfcorerdf.code.tex
File: pgfcorerdf.code.tex 2019/08/03 v3.1.4b (3.1.4b)
)))
(/usr/share/texmf-dist/tex/generic/pgf/modules/pgfmoduleshapes.code.tex
File: pgfmoduleshapes.code.tex 2019/08/03 v3.1.4b (3.1.4b)
\pgfnodeparttextbox=\box54
)
(/usr/share/texmf-dist/tex/generic/pgf/modules/pgfmoduleplot.code.tex
File: pgfmoduleplot.code.tex 2019/08/03 v3.1.4b (3.1.4b)
)
(/usr/share/texmf-dist/tex/latex/pgf/compatibility/pgfcomp-version-0-65.sty
Package: pgfcomp-version-0-65 2019/08/03 v3.1.4b (3.1.4b)
\pgf@nodesepstart=\dimen184
\pgf@nodesepend=\dimen185
)
(/usr/share/texmf-dist/tex/latex/pgf/compatibility/pgfcomp-version-1-18.sty
Package: pgfcomp-version-1-18 2019/08/03 v3.1.4b (3.1.4b)
))
(/usr/share/texmf-dist/tex/latex/tools/verbatim.sty
Package: verbatim 2014/10/28 v1.5q LaTeX2e package for verbatim enhancements
\every@verbatim=\toks31
\verbatim@line=\toks32
\verbatim@in@stream=\read2
)
(/usr/share/texmf-dist/tex/latex/environ/environ.sty
Package: environ 2014/05/04 v0.3 A new way to define environments

(/usr/share/texmf-dist/tex/latex/trimspaces/trimspaces.sty
Package: trimspaces 2009/09/17 v1.1 Trim spaces around a token list
))
(/usr/share/texmf-dist/tex/latex/etoolbox/etoolbox.sty
Package: etoolbox 2019/09/21 v2.5h e-TeX tools for LaTeX (JAW)
\etb@tempcnta=\count121
)
\tcb@titlebox=\box55
\tcb@upperbox=\box56
\tcb@lowerbox=\box57
\tcb@phantombox=\box58
\c@tcbbreakpart=\count122
\c@tcblayer=\count123
\tcolorbox@number=\count124
\tcb@temp=\box59
\tcb@temp=\box60
\tcb@temp=\box61
\tcb@temp=\box62
\tcb@out=\write4
\tcb@record@out=\write5
)
(/usr/share/texmf-dist/tex/latex/framed/framed.sty
Package: framed 2011/10/22 v 0.96: framed or shaded text with page breaks
\OuterFrameSep=\skip53
\fb@frw=\dimen186
\fb@frh=\dimen187
\FrameRule=\dimen188
\FrameSep=\dimen189
)
(/usr/share/texmf-dist/tex/latex/stmaryrd/stmaryrd.sty
Package: stmaryrd 1994/03/03 St Mary's Road symbol package
\symstmry=\mathgroup7
LaTeX Font Info:    Overwriting symbol font `stmry' in version `bold'
(Font)                  U/stmry/m/n --> U/stmry/b/n on input line 89.
)
(/usr/share/texmf-dist/tex/latex/hyperref/hyperref.sty
Package: hyperref 2019/09/28 v7.00a Hypertext links for LaTeX

(/usr/share/texmf-dist/tex/generic/oberdiek/hobsub-hyperref.sty
Package: hobsub-hyperref 2016/05/16 v1.14 Bundle oberdiek, subset hyperref (HO)


(/usr/share/texmf-dist/tex/generic/oberdiek/hobsub-generic.sty
Package: hobsub-generic 2016/05/16 v1.14 Bundle oberdiek, subset generic (HO)
Package: hobsub 2016/05/16 v1.14 Construct package bundles (HO)
Package: infwarerr 2016/05/16 v1.4 Providing info/warning/error messages (HO)
Package: ltxcmds 2016/05/16 v1.23 LaTeX kernel commands for general use (HO)
Package hobsub Info: Skipping package `ifluatex' (already loaded).
Package: ifvtex 2016/05/16 v1.6 Detect VTeX and its facilities (HO)
Package ifvtex Info: VTeX not detected.
Package: intcalc 2016/05/16 v1.2 Expandable calculations with integers (HO)
Package: ifpdf 2018/09/07 v3.3 Provides the ifpdf switch
Package: etexcmds 2016/05/16 v1.6 Avoid name clashes with e-TeX commands (HO)
Package: kvsetkeys 2016/05/16 v1.17 Key value parser (HO)
Package: kvdefinekeys 2016/05/16 v1.4 Define keys (HO)
Package: pdftexcmds 2019/07/25 v0.30 Utility functions of pdfTeX for LuaTeX (HO
)
Package pdftexcmds Info: LuaTeX not detected.
Package pdftexcmds Info: pdfTeX >= 1.30 not detected.
Package pdftexcmds Info: \pdf@primitive is available.
Package pdftexcmds Info: \pdf@ifprimitive is available.
Package pdftexcmds Info: \pdfdraftmode not found.
Package: pdfescape 2016/05/16 v1.14 Implements pdfTeX's escape features (HO)
Package: bigintcalc 2016/05/16 v1.4 Expandable calculations on big integers (HO
)
Package: bitset 2016/05/16 v1.2 Handle bit-vector datatype (HO)
Package: uniquecounter 2016/05/16 v1.3 Provide unlimited unique counter (HO)
)
Package hobsub Info: Skipping package `hobsub' (already loaded).
Package: letltxmacro 2016/05/16 v1.5 Let assignment for LaTeX macros (HO)
Package: hopatch 2016/05/16 v1.3 Wrapper for package hooks (HO)
Package: xcolor-patch 2016/05/16 xcolor patch
Package: atveryend 2016/05/16 v1.9 Hooks at the very end of document (HO)
Package: atbegshi 2016/06/09 v1.18 At begin shipout hook (HO)
Package: refcount 2016/05/16 v3.5 Data extraction from label references (HO)
Package: hycolor 2016/05/16 v1.8 Color options for hyperref/bookmark (HO)
)
(/usr/share/texmf-dist/tex/generic/ifxetex/ifxetex.sty
Package: ifxetex 2010/09/12 v0.6 Provides ifxetex conditional
)
(/usr/share/texmf-dist/tex/latex/oberdiek/auxhook.sty
Package: auxhook 2016/05/16 v1.4 Hooks for auxiliary files (HO)
)
(/usr/share/texmf-dist/tex/latex/oberdiek/kvoptions.sty
Package: kvoptions 2016/05/16 v3.12 Key value format for package options (HO)
)
\@linkdim=\dimen190
\Hy@linkcounter=\count125
\Hy@pagecounter=\count126

(/usr/share/texmf-dist/tex/latex/hyperref/pd1enc.def
File: pd1enc.def 2019/09/28 v7.00a Hyperref: PDFDocEncoding definition (HO)
Now handling font encoding PD1 ...
... no UTF-8 mapping file for font encoding PD1
)
\Hy@SavedSpaceFactor=\count127

(/usr/share/texmf-dist/tex/latex/latexconfig/hyperref.cfg
File: hyperref.cfg 2002/06/06 v1.2 hyperref configuration of TeXLive
)
Package hyperref Info: Hyper figures OFF on input line 4540.
Package hyperref Info: Link nesting OFF on input line 4545.
Package hyperref Info: Hyper index ON on input line 4548.
Package hyperref Info: Plain pages OFF on input line 4555.
Package hyperref Info: Backreferencing OFF on input line 4560.
Package hyperref Info: Implicit mode ON; LaTeX internals redefined.
Package hyperref Info: Bookmarks ON on input line 4793.
\c@Hy@tempcnt=\count128

(/usr/share/texmf-dist/tex/latex/url/url.sty
\Urlmuskip=\muskip11
Package: url 2013/09/16  ver 3.4  Verb mode for urls, etc.
)
LaTeX Info: Redefining \url on input line 5152.
\XeTeXLinkMargin=\dimen191
\Fld@menulength=\count129
\Field@Width=\dimen192
\Fld@charsize=\dimen193
Package hyperref Info: Hyper figures OFF on input line 6423.
Package hyperref Info: Link nesting OFF on input line 6428.
Package hyperref Info: Hyper index ON on input line 6431.
Package hyperref Info: backreferencing OFF on input line 6438.
Package hyperref Info: Link coloring OFF on input line 6443.
Package hyperref Info: Link coloring with OCG OFF on input line 6448.
Package hyperref Info: PDF/A mode OFF on input line 6453.
LaTeX Info: Redefining \ref on input line 6493.
LaTeX Info: Redefining \pageref on input line 6497.
\Hy@abspage=\count130
\c@Item=\count131
\c@Hfootnote=\count132
)
Package hyperref Info: Driver: hdvipdfm.

(/usr/share/texmf-dist/tex/latex/hyperref/hdvipdfm.def
File: hdvipdfm.def 2019/09/28 v7.00a Hyperref driver for dvipdfm
\pdfm@box=\box63
\c@Hy@AnnotLevel=\count133
\HyField@AnnotCount=\count134
\Fld@listcount=\count135
\c@bookmark@seq@number=\count136

(/usr/share/texmf-dist/tex/latex/oberdiek/rerunfilecheck.sty
Package: rerunfilecheck 2016/05/16 v1.8 Rerun checks for auxiliary files (HO)
Package uniquecounter Info: New unique counter `rerunfilecheck' on input line 2
82.
)
\Hy@SectionHShift=\skip54
)
(/usr/share/texmf-dist/tex/latex/tools/multicol.sty
Package: multicol 2019/03/01 v1.8w multicolumn formatting (FMi)
\c@tracingmulticols=\count137
\mult@box=\box64
\multicol@leftmargin=\dimen194
\c@unbalance=\count138
\c@collectmore=\count139
\doublecol@number=\count140
\multicoltolerance=\count141
\multicolpretolerance=\count142
\full@width=\dimen195
\page@free=\dimen196
\premulticols=\dimen197
\postmulticols=\dimen198
\multicolsep=\skip55
\multicolbaselineskip=\skip56
\partial@page=\box65
\last@line=\box66
\maxbalancingoverflow=\dimen199
\mult@rightbox=\box67
\mult@grightbox=\box68
\mult@gfirstbox=\box69
\mult@firstbox=\box70
\@tempa=\box71
\@tempa=\box72
\@tempa=\box73
\@tempa=\box74
\@tempa=\box75
\@tempa=\box76
\@tempa=\box77
\@tempa=\box78
\@tempa=\box79
\@tempa=\box80
\@tempa=\box81
\@tempa=\box82
\@tempa=\box83
\@tempa=\box84
\@tempa=\box85
\@tempa=\box86
\@tempa=\box87
\c@minrows=\count143
\c@columnbadness=\count144
\c@finalcolumnbadness=\count145
\last@try=\dimen256
\multicolovershoot=\dimen257
\multicolundershoot=\dimen258
\mult@nat@firstbox=\box88
\colbreak@box=\box89
\mc@col@check@num=\count146
)
(/usr/share/texmf-dist/tex/latex/biblatex/biblatex.sty
Package: biblatex 2019/08/31 v3.13a programmable bibliographies (PK/MW)

(/usr/share/texmf-dist/tex/latex/logreq/logreq.sty
Package: logreq 2010/08/04 v1.0 xml request logger
\lrq@indent=\count147

(/usr/share/texmf-dist/tex/latex/logreq/logreq.def
File: logreq.def 2010/08/04 v1.0 logreq spec v1.0
))
(/usr/share/texmf-dist/tex/latex/base/ifthen.sty
Package: ifthen 2014/09/29 v1.1c Standard LaTeX ifthen package (DPC)
)
\c@tabx@nest=\count148
\c@listtotal=\count149
\c@listcount=\count150
\c@liststart=\count151
\c@liststop=\count152
\c@citecount=\count153
\c@citetotal=\count154
\c@multicitecount=\count155
\c@multicitetotal=\count156
\c@instcount=\count157
\c@maxnames=\count158
\c@minnames=\count159
\c@maxitems=\count160
\c@minitems=\count161
\c@citecounter=\count162
\c@maxcitecounter=\count163
\c@savedcitecounter=\count164
\c@uniquelist=\count165
\c@uniquename=\count166
\c@refsection=\count167
\c@refsegment=\count168
\c@maxextratitle=\count169
\c@maxextratitleyear=\count170
\c@maxextraname=\count171
\c@maxextradate=\count172
\c@maxextraalpha=\count173
\c@abbrvpenalty=\count174
\c@highnamepenalty=\count175
\c@lownamepenalty=\count176
\c@maxparens=\count177
\c@parenlevel=\count178
\blx@tempcnta=\count179
\blx@tempcntb=\count180
\blx@tempcntc=\count181
\blx@maxsection=\count182
\blx@maxsegment@0=\count183
\blx@notetype=\count184
\blx@parenlevel@text=\count185
\blx@parenlevel@foot=\count186
\blx@sectionciteorder@0=\count187
\blx@entrysetcounter=\count188
\labelnumberwidth=\skip57
\labelalphawidth=\skip58
\biblabelsep=\skip59
\bibitemsep=\skip60
\bibnamesep=\skip61
\bibinitsep=\skip62
\bibparsep=\skip63
\bibhang=\skip64
\blx@bcfin=\read3
\blx@bcfout=\write6
\blx@langwohyphens=\language85
\c@mincomprange=\count189
\c@maxcomprange=\count190
\c@mincompwidth=\count191
Package biblatex Info: Trying to load biblatex default data model...
Package biblatex Info: ... file 'blx-dm.def' found.

(/usr/share/texmf-dist/tex/latex/biblatex/blx-dm.def
File: blx-dm.def 2019/08/31 v3.13a biblatex localization (PK/MW)
)
Package biblatex Info: Trying to load biblatex custom data model...
Package biblatex Info: ... file 'biblatex-dm.cfg' not found.
\c@afterword=\count192
\c@savedafterword=\count193
\c@annotator=\count194
\c@savedannotator=\count195
\c@author=\count196
\c@savedauthor=\count197
\c@bookauthor=\count198
\c@savedbookauthor=\count199
\c@commentator=\count266
\c@savedcommentator=\count267
\c@editor=\count268
\c@savededitor=\count269
\c@editora=\count270
\c@savededitora=\count271
\c@editorb=\count272
\c@savededitorb=\count273
\c@editorc=\count274
\c@savededitorc=\count275
\c@foreword=\count276
\c@savedforeword=\count277
\c@holder=\count278
\c@savedholder=\count279
\c@introduction=\count280
\c@savedintroduction=\count281
\c@namea=\count282
\c@savednamea=\count283
\c@nameb=\count284
\c@savednameb=\count285
\c@namec=\count286
\c@savednamec=\count287
\c@translator=\count288
\c@savedtranslator=\count289
\c@shortauthor=\count290
\c@savedshortauthor=\count291
\c@shorteditor=\count292
\c@savedshorteditor=\count293
\c@labelname=\count294
\c@savedlabelname=\count295
\c@institution=\count296
\c@savedinstitution=\count297
\c@lista=\count298
\c@savedlista=\count299
\c@listb=\count300
\c@savedlistb=\count301
\c@listc=\count302
\c@savedlistc=\count303
\c@listd=\count304
\c@savedlistd=\count305
\c@liste=\count306
\c@savedliste=\count307
\c@listf=\count308
\c@savedlistf=\count309
\c@location=\count310
\c@savedlocation=\count311
\c@organization=\count312
\c@savedorganization=\count313
\c@origlocation=\count314
\c@savedoriglocation=\count315
\c@origpublisher=\count316
\c@savedorigpublisher=\count317
\c@publisher=\count318
\c@savedpublisher=\count319
\c@language=\count320
\c@savedlanguage=\count321
\c@origlanguage=\count322
\c@savedoriglanguage=\count323
\c@pageref=\count324
\c@savedpageref=\count325
\shorthandwidth=\skip65
\shortjournalwidth=\skip66
\shortserieswidth=\skip67
\shorttitlewidth=\skip68
\shortauthorwidth=\skip69
\shorteditorwidth=\skip70
\locallabelnumberwidth=\skip71
\locallabelalphawidth=\skip72
\localshorthandwidth=\skip73
\localshortjournalwidth=\skip74
\localshortserieswidth=\skip75
\localshorttitlewidth=\skip76
\localshortauthorwidth=\skip77
\localshorteditorwidth=\skip78
Package biblatex Info: Trying to load compatibility code...
Package biblatex Info: ... file 'blx-compat.def' found.

(/usr/share/texmf-dist/tex/latex/biblatex/blx-compat.def
File: blx-compat.def 2019/08/31 v3.13a biblatex compatibility (PK/MW)
)
Package biblatex Info: Trying to load generic definitions...
Package biblatex Info: ... file 'biblatex.def' found.

(/usr/share/texmf-dist/tex/latex/biblatex/biblatex.def
File: biblatex.def 2019/08/31 v3.13a biblatex compatibility (PK/MW)
\c@textcitecount=\count326
\c@textcitetotal=\count327
\c@textcitemaxnames=\count328
\c@biburlbigbreakpenalty=\count329
\c@biburlbreakpenalty=\count330
\c@biburlnumpenalty=\count331
\c@biburlucpenalty=\count332
\c@biburllcpenalty=\count333
\biburlbigskip=\muskip12
\biburlnumskip=\muskip13
\biburlucskip=\muskip14
\biburllcskip=\muskip15
\c@smartand=\count334
)
Package biblatex Info: Trying to load bibliography style 'numeric'...
Package biblatex Info: ... file 'numeric.bbx' found.

(/usr/share/texmf-dist/tex/latex/biblatex/bbx/numeric.bbx
File: numeric.bbx 2019/08/31 v3.13a biblatex bibliography style (PK/MW)
Package biblatex Info: Trying to load bibliography style 'standard'...
Package biblatex Info: ... file 'standard.bbx' found.

(/usr/share/texmf-dist/tex/latex/biblatex/bbx/standard.bbx
File: standard.bbx 2019/08/31 v3.13a biblatex bibliography style (PK/MW)
\c@bbx:relatedcount=\count335
\c@bbx:relatedtotal=\count336
))
Package biblatex Info: Trying to load citation style 'numeric'...
Package biblatex Info: ... file 'numeric.cbx' found.

(/usr/share/texmf-dist/tex/latex/biblatex/cbx/numeric.cbx
File: numeric.cbx 2019/08/31 v3.13a biblatex citation style (PK/MW)
Package biblatex Info: Redefining '\cite'.
Package biblatex Info: Redefining '\parencite'.
Package biblatex Info: Redefining '\footcite'.
Package biblatex Info: Redefining '\footcitetext'.
Package biblatex Info: Redefining '\smartcite'.
Package biblatex Info: Redefining '\supercite'.
Package biblatex Info: Redefining '\textcite'.
Package biblatex Info: Redefining '\textcites'.
Package biblatex Info: Redefining '\cites'.
Package biblatex Info: Redefining '\parencites'.
Package biblatex Info: Redefining '\smartcites'.
)
Package biblatex Info: Trying to load configuration file...
Package biblatex Info: ... file 'biblatex.cfg' found.

(/usr/share/texmf-dist/tex/latex/biblatex/biblatex.cfg
File: biblatex.cfg 
))
(/usr/share/texmf-dist/tex/latex/listings/listings.sty
\lst@mode=\count337
\lst@gtempboxa=\box90
\lst@token=\toks33
\lst@length=\count338
\lst@currlwidth=\dimen259
\lst@column=\count339
\lst@pos=\count340
\lst@lostspace=\dimen260
\lst@width=\dimen261
\lst@newlines=\count341
\lst@lineno=\count342
\lst@maxwidth=\dimen262

(/usr/share/texmf-dist/tex/latex/listings/lstmisc.sty
File: lstmisc.sty 2019/09/10 1.8c (Carsten Heinz)
\c@lstnumber=\count343
\lst@skipnumbers=\count344
\lst@framebox=\box91
)
(/usr/share/texmf-dist/tex/latex/listings/listings.cfg
File: listings.cfg 2019/09/10 1.8c listings configuration
))
Package: listings 2019/09/10 1.8c (Carsten Heinz)

(/usr/share/texmf-dist/tex/latex/fontawesome5/fontawesome5.sty
(/usr/share/texmf-dist/tex/latex/l3kernel/expl3.sty
Package: expl3 2019-10-28 L3 programming layer (loader) 

(/usr/share/texmf-dist/tex/latex/l3kernel/expl3-code.tex
Package: expl3 2019-10-28 L3 programming layer (code)
\c_max_int=\count345
\l_tmpa_int=\count346
\l_tmpb_int=\count347
\g_tmpa_int=\count348
\g_tmpb_int=\count349
\l__seq_internal_a_int=\count350
\l__seq_internal_b_int=\count351
\g__kernel_prg_map_int=\count352
\c__ior_term_noprompt_ior=\count353
\c_log_iow=\count354
\l_iow_line_count_int=\count355
\l__iow_line_target_int=\count356
\l__iow_one_indent_int=\count357
\l__iow_indent_int=\count358
\c_zero_dim=\dimen263
\c_max_dim=\dimen264
\l_tmpa_dim=\dimen265
\l_tmpb_dim=\dimen266
\g_tmpa_dim=\dimen267
\g_tmpb_dim=\dimen268
\c_zero_skip=\skip79
\c_max_skip=\skip80
\l_tmpa_skip=\skip81
\l_tmpb_skip=\skip82
\g_tmpa_skip=\skip83
\g_tmpb_skip=\skip84
\c_zero_muskip=\muskip16
\c_max_muskip=\muskip17
\l_tmpa_muskip=\muskip18
\l_tmpb_muskip=\muskip19
\g_tmpa_muskip=\muskip20
\g_tmpb_muskip=\muskip21
\l_keys_choice_int=\count359
\l__intarray_loop_int=\count360
\c__intarray_sp_dim=\dimen269
\g__intarray_font_int=\count361
\c__fp_leading_shift_int=\count362
\c__fp_middle_shift_int=\count363
\c__fp_trailing_shift_int=\count364
\c__fp_big_leading_shift_int=\count365
\c__fp_big_middle_shift_int=\count366
\c__fp_big_trailing_shift_int=\count367
\c__fp_Bigg_leading_shift_int=\count368
\c__fp_Bigg_middle_shift_int=\count369
\c__fp_Bigg_trailing_shift_int=\count370
\g__fp_array_int=\count371
\l__fp_array_loop_int=\count372
\l__sort_length_int=\count373
\l__sort_min_int=\count374
\l__sort_top_int=\count375
\l__sort_max_int=\count376
\l__sort_true_max_int=\count377
\l__sort_block_int=\count378
\l__sort_begin_int=\count379
\l__sort_end_int=\count380
\l__sort_A_int=\count381
\l__sort_B_int=\count382
\l__sort_C_int=\count383
\l__str_internal_int=\count384
\l__tl_analysis_normal_int=\count385
\l__tl_analysis_index_int=\count386
\l__tl_analysis_nesting_int=\count387
\l__tl_analysis_type_int=\count388
\l__regex_internal_a_int=\count389
\l__regex_internal_b_int=\count390
\l__regex_internal_c_int=\count391
\l__regex_balance_int=\count392
\l__regex_group_level_int=\count393
\l__regex_mode_int=\count394
\c__regex_cs_in_class_mode_int=\count395
\c__regex_cs_mode_int=\count396
\l__regex_catcodes_int=\count397
\l__regex_default_catcodes_int=\count398
\c__regex_catcode_L_int=\count399
\c__regex_catcode_O_int=\count400
\c__regex_catcode_A_int=\count401
\c__regex_all_catcodes_int=\count402
\l__regex_show_lines_int=\count403
\l__regex_min_state_int=\count404
\l__regex_max_state_int=\count405
\l__regex_left_state_int=\count406
\l__regex_right_state_int=\count407
\l__regex_capturing_group_int=\count408
\l__regex_min_pos_int=\count409
\l__regex_max_pos_int=\count410
\l__regex_curr_pos_int=\count411
\l__regex_start_pos_int=\count412
\l__regex_success_pos_int=\count413
\l__regex_curr_char_int=\count414
\l__regex_curr_catcode_int=\count415
\l__regex_last_char_int=\count416
\l__regex_case_changed_char_int=\count417
\l__regex_curr_state_int=\count418
\l__regex_step_int=\count419
\l__regex_min_active_int=\count420
\l__regex_max_active_int=\count421
\l__regex_replacement_csnames_int=\count422
\l__regex_match_count_int=\count423
\l__regex_min_submatch_int=\count424
\l__regex_submatch_int=\count425
\l__regex_zeroth_submatch_int=\count426
\g__regex_trace_regex_int=\count427
\c_empty_box=\box92
\l_tmpa_box=\box93
\l_tmpb_box=\box94
\g_tmpa_box=\box95
\g_tmpb_box=\box96
\l__box_top_dim=\dimen270
\l__box_bottom_dim=\dimen271
\l__box_left_dim=\dimen272
\l__box_right_dim=\dimen273
\l__box_top_new_dim=\dimen274
\l__box_bottom_new_dim=\dimen275
\l__box_left_new_dim=\dimen276
\l__box_right_new_dim=\dimen277
\l__box_internal_box=\box97
\l__coffin_internal_box=\box98
\l__coffin_internal_dim=\dimen278
\l__coffin_offset_x_dim=\dimen279
\l__coffin_offset_y_dim=\dimen280
\l__coffin_x_dim=\dimen281
\l__coffin_y_dim=\dimen282
\l__coffin_x_prime_dim=\dimen283
\l__coffin_y_prime_dim=\dimen284
\c_empty_coffin=\box99
\l__coffin_aligned_coffin=\box100
\l__coffin_aligned_internal_coffin=\box101
\l_tmpa_coffin=\box102
\l_tmpb_coffin=\box103
\g_tmpa_coffin=\box104
\g_tmpb_coffin=\box105
\l__coffin_bounding_shift_dim=\dimen285
\l__coffin_left_corner_dim=\dimen286
\l__coffin_right_corner_dim=\dimen287
\l__coffin_bottom_corner_dim=\dimen288
\l__coffin_top_corner_dim=\dimen289
\l__coffin_scaled_total_height_dim=\dimen290
\l__coffin_scaled_width_dim=\dimen291
\c__coffin_empty_coffin=\box106
\l__coffin_display_coffin=\box107
\l__coffin_display_coord_coffin=\box108
\l__coffin_display_pole_coffin=\box109
\l__coffin_display_offset_dim=\dimen292
\l__coffin_display_x_dim=\dimen293
\l__coffin_display_y_dim=\dimen294
\g__char_data_ior=\read4

(/usr/share/texmf-dist/tex/latex/l3kernel/l3deprecation.def
File: l3deprecation.def 2019-04-06 v L3 Deprecated functions
))
(/usr/share/texmf-dist/tex/latex/l3backend/l3backend-dvipdfmx.def
File: l3backend-dvipdfmx.def 2019-04-06 L3 backend support: dvipdfmx
\g__graphics_track_int=\count428
\l__pdf_internal_box=\box110
\g__pdf_backend_object_int=\count429
\g__pdf_backend_annotation_int=\count430
))
Package: fontawesome5 2019/06/07 v5.9.0 Font Awesome 5

(/usr/share/texmf-dist/tex/latex/l3packages/l3keys2e/l3keys2e.sty
Package: l3keys2e 2019-10-11 LaTeX2e option processing using LaTeX3 keys
)
(/usr/share/texmf-dist/tex/latex/l3packages/xparse/xparse.sty
Package: xparse 2019-10-11 L3 Experimental document command parser
\l__xparse_current_arg_int=\count431
\g__xparse_grabber_int=\count432
\l__xparse_m_args_int=\count433
\l__xparse_v_nesting_int=\count434
)
(/usr/share/texmf-dist/tex/latex/fontawesome5/fontawesome5-generic-helper.sty
Package: fontawesome5-generic-helper 2019/06/07 v5.9.0 non-uTeX helper for font
awesome5

(/usr/share/texmf-dist/tex/latex/fontawesome5/fontawesome5-mapping.def)))
(/usr/share/texmf-dist/tex/latex/listings/lstlang1.sty
File: lstlang1.sty 2019/09/10 1.8c listings language file
)
(/usr/share/texmf-dist/tex/latex/listings/lstlang2.sty
File: lstlang2.sty 2019/09/10 1.8c listings language file
) (./lambdaeff_macro.tex)
Package biblatex Info: Trying to load language 'english'...
Package biblatex Info: ... file 'english.lbx' found.
(/usr/share/texmf-dist/tex/latex/biblatex/lbx/english.lbx
File: english.lbx 2019/08/31 v3.13a biblatex localization (PK/MW)
)
\@quotelevel=\count435
\@quotereset=\count436
 (./main.aux)
\openout1 = `main.aux'.

LaTeX Font Info:    Checking defaults for OML/cmm/m/it on input line 83.
LaTeX Font Info:    ... okay on input line 83.
LaTeX Font Info:    Checking defaults for T1/cmr/m/n on input line 83.
LaTeX Font Info:    ... okay on input line 83.
LaTeX Font Info:    Checking defaults for OT1/cmr/m/n on input line 83.
LaTeX Font Info:    ... okay on input line 83.
LaTeX Font Info:    Checking defaults for OMS/cmsy/m/n on input line 83.
LaTeX Font Info:    ... okay on input line 83.
LaTeX Font Info:    Checking defaults for OMX/cmex/m/n on input line 83.
LaTeX Font Info:    ... okay on input line 83.
LaTeX Font Info:    Checking defaults for U/cmr/m/n on input line 83.
LaTeX Font Info:    ... okay on input line 83.
LaTeX Font Info:    Checking defaults for JY2/mc/m/n on input line 83.
LaTeX Font Info:    ... okay on input line 83.
LaTeX Font Info:    Checking defaults for JT2/mc/m/n on input line 83.
LaTeX Font Info:    ... okay on input line 83.
LaTeX Font Info:    Checking defaults for PD1/pdf/m/n on input line 83.
LaTeX Font Info:    ... okay on input line 83.

ABD: EveryShipout initializing macros
\AtBeginShipoutBox=\box111
Package hyperref Info: Link coloring OFF on input line 83.

(/usr/share/texmf-dist/tex/latex/hyperref/nameref.sty
Package: nameref 2019/09/16 v2.46 Cross-referencing by name of section

(/usr/share/texmf-dist/tex/generic/oberdiek/gettitlestring.sty
Package: gettitlestring 2016/05/16 v1.5 Cleanup title references (HO)
)
\c@section@level=\count437
)
LaTeX Info: Redefining \ref on input line 83.
LaTeX Info: Redefining \pageref on input line 83.
LaTeX Info: Redefining \nameref on input line 83.
 (./main.out)
(./main.out)
\@outlinefile=\write7
\openout7 = `main.out'.

Package biblatex Info: Input encoding 'utf8' detected.
Package biblatex Info: Automatic encoding selection.
(biblatex)             Assuming data encoding 'utf8'.
\openout6 = `main.bcf'.

Package biblatex Info: Trying to load bibliographic data...
Package biblatex Info: ... file 'main.bbl' found.
 (./main.bbl)
Package biblatex Info: Reference section=0 on input line 83.
Package biblatex Info: Reference segment=0 on input line 83.
\c@lstlisting=\count438
LaTeX Font Info:    Font shape `JT2/mc/m/n' will be
(Font)              scaled to size 15.9785pt on input line 85.
LaTeX Font Info:    Font shape `JY2/mc/m/n' will be
(Font)              scaled to size 15.9785pt on input line 85.
LaTeX Font Info:    Font shape `JT2/mc/m/n' will be
(Font)              scaled to size 11.09619pt on input line 85.
LaTeX Font Info:    Font shape `JY2/mc/m/n' will be
(Font)              scaled to size 11.09619pt on input line 85.
LaTeX Font Info:    Font shape `JY2/mc/m/n' will be
(Font)              scaled to size 5.5481pt on input line 85.
LaTeX Font Info:    Trying to load font information for U+msa on input line 85.

 (/usr/share/texmf-dist/tex/latex/amsfonts/umsa.fd
File: umsa.fd 2013/01/14 v3.01 AMS symbols A
)
LaTeX Font Info:    Trying to load font information for U+msb on input line 85.


(/usr/share/texmf-dist/tex/latex/amsfonts/umsb.fd
File: umsb.fd 2013/01/14 v3.01 AMS symbols B
)
LaTeX Font Info:    Trying to load font information for U+stmry on input line 8
5.

(/usr/share/texmf-dist/tex/latex/stmaryrd/Ustmry.fd)
LaTeX Font Info:    Font shape `JT2/mc/m/n' will be
(Font)              scaled to size 13.31541pt on input line 86.
LaTeX Font Info:    Font shape `JY2/mc/m/n' will be
(Font)              scaled to size 13.31541pt on input line 86.
LaTeX Font Info:    Font shape `JT2/gt/m/n' will be
(Font)              scaled to size 13.31541pt on input line 86.
LaTeX Font Info:    Font shape `JY2/gt/m/n' will be
(Font)              scaled to size 13.31541pt on input line 86.
LaTeX Font Info:    Font shape `JT2/gt/m/n' will be
(Font)              scaled to size 9.24683pt on input line 88.
LaTeX Font Info:    Font shape `JY2/gt/m/n' will be
(Font)              scaled to size 9.24683pt on input line 88.
LaTeX Font Info:    Font shape `JY2/mc/m/n' will be
(Font)              scaled to size 6.47278pt on input line 94.
LaTeX Font Info:    Font shape `JY2/mc/m/n' will be
(Font)              scaled to size 4.62341pt on input line 94.
LaTeX Font Info:    Font shape `JT2/mc/m/it' in size <10> not available
(Font)              Font shape `JT2/mc/m/n' tried instead on input line 101.
LaTeX Font Info:    Font shape `JT2/mc/m/n' will be
(Font)              scaled to size 9.24683pt on input line 101.
LaTeX Font Info:    Font shape `JY2/mc/m/it' in size <10> not available
(Font)              Font shape `JY2/mc/m/n' tried instead on input line 101.
LaTeX Font Info:    Font shape `JY2/mc/m/n' will be
(Font)              scaled to size 9.24683pt on input line 101.
LaTeX Font Info:    Font shape `JT2/mc/m/n' will be
(Font)              scaled to size 6.47278pt on input line 101.
LaTeX Font Info:    Font shape `JT2/mc/m/n' will be
(Font)              scaled to size 5.5481pt on input line 102.
LaTeX Font Info:    Font shape `JT2/gt/m/n' will be
(Font)              scaled to size 7.39746pt on input line 102.
LaTeX Font Info:    Font shape `JY2/gt/m/n' will be
(Font)              scaled to size 7.39746pt on input line 102.
 [1

] [2]
Overfull \hbox (41.23909pt too wide) in paragraph at lines 180--182
[][][][]\JY2/mc/m/n/10 を捕捉した場合は [][][][]と出力して終了
し 、 []
 []


Package hyperref Warning: Token not allowed in a PDF string (PDFDocEncoding):
(hyperref)                removing `math shift' on input line 196.


Package hyperref Warning: Token not allowed in a PDF string (PDFDocEncoding):
(hyperref)                removing `\lambda' on input line 196.


Package hyperref Warning: Token not allowed in a PDF string (PDFDocEncoding):
(hyperref)                removing `subscript' on input line 196.


Package hyperref Warning: Token not allowed in a PDF string (PDFDocEncoding):
(hyperref)                removing `\sigma' on input line 196.


Package hyperref Warning: Token not allowed in a PDF string (PDFDocEncoding):
(hyperref)                removing `subscript' on input line 196.


Package hyperref Warning: Token not allowed in a PDF string (PDFDocEncoding):
(hyperref)                removing `math shift' on input line 196.

LaTeX Font Info:    Font shape `JT2/gt/m/n' will be
(Font)              scaled to size 11.09619pt on input line 222.
LaTeX Font Info:    Font shape `JY2/gt/m/n' will be
(Font)              scaled to size 11.09619pt on input line 222.
LaTeX Font Info:    Font shape `JT2/mc/m/n' will be
(Font)              scaled to size 4.62341pt on input line 228.
LaTeX Font Info:    Font shape `JT2/mc/m/n' will be
(Font)              scaled to size 8.32214pt on input line 246.
LaTeX Font Info:    Font shape `JY2/mc/m/n' will be
(Font)              scaled to size 8.32214pt on input line 246.
[3]
LaTeX Font Info:    Font shape `JT2/mc/m/sc' in size <10> not available
(Font)              Font shape `JT2/mc/m/n' tried instead on input line 277.
LaTeX Font Info:    Font shape `JT2/mc/m/n' will be
(Font)              scaled to size 9.24683pt on input line 277.
LaTeX Font Info:    Font shape `JY2/mc/m/sc' in size <10> not available
(Font)              Font shape `JY2/mc/m/n' tried instead on input line 277.
LaTeX Font Info:    Font shape `JY2/mc/m/n' will be
(Font)              scaled to size 9.24683pt on input line 277.
 [4]
Overfull \hbox (2.22221pt too wide) detected at line 313
[]  
 []

[5] [6]
LaTeX Font Info:    Font shape `JT2/mc/bx/n' in size <10> not available
(Font)              Font shape `JT2/gt/m/n' tried instead on input line 522.
LaTeX Font Info:    Font shape `JT2/gt/m/n' will be
(Font)              scaled to size 9.24683pt on input line 522.
LaTeX Font Info:    Font shape `JY2/mc/bx/n' in size <10> not available
(Font)              Font shape `JY2/gt/m/n' tried instead on input line 522.
LaTeX Font Info:    Font shape `JY2/gt/m/n' will be
(Font)              scaled to size 9.24683pt on input line 522.

Overfull \hbox (28.69514pt too wide) in paragraph at lines 534--537
\JY2/mc/m/n/10 このハンドラのもとで [][][][]を発生させた場合 
、 [][][][]は []
 []

[7]
LaTeX Font Info:    Trying to load font information for U+fontawesomebrands0 on
 input line 545.
 (/usr/share/texmf-dist/tex/latex/fontawesome5/ufontawesomebrands0.fd)
LaTeX Font Info:    Font shape `U/fontawesomebrands0/solid/n' in size <10> not 
available
(Font)              Font shape `U/fontawesomebrands0/regular/n' tried instead o
n input line 545.
LaTeX Font Info:    Font shape `JT2/gt/m/it' in size <10> not available
(Font)              Font shape `JT2/gt/m/n' tried instead on input line 548.
LaTeX Font Info:    Font shape `JT2/gt/m/n' will be
(Font)              scaled to size 9.24683pt on input line 548.
LaTeX Font Info:    Font shape `JY2/gt/m/it' in size <10> not available
(Font)              Font shape `JY2/gt/m/n' tried instead on input line 548.
LaTeX Font Info:    Font shape `JY2/gt/m/n' will be
(Font)              scaled to size 9.24683pt on input line 548.

[8]
Package atveryend Info: Empty hook `BeforeClearDocument' on input line 550.
Package atveryend Info: Empty hook `AfterLastShipout' on input line 550.
 (./main.aux)
Package atveryend Info: Empty hook `AtVeryEndDocument' on input line 550.
Package atveryend Info: Executing hook `AtEndAfterFileList' on input line 550.
Package rerunfilecheck Info: File `main.out' has not changed.
(rerunfilecheck)             Checksum: 4E40C389739737F1A476F313657F1B4B;458.
Package logreq Info: Writing requests to 'main.run.xml'.
\openout1 = `main.run.xml'.

 ) 
Here is how much of TeX's memory you used:
 38206 strings out of 492752
 722396 string characters out of 6145122
 1179028 words of memory out of 5000000
 42264 multiletter control sequences out of 15000+600000
 554552 words of font info for 134 fonts, out of 8000000 for 9000
 934 hyphenation exceptions out of 8191
 59i,20n,75p,828b,1475s stack positions out of 5000i,500n,10000p,200000b,80000s

Output written on main.dvi (8 pages, 51400 bytes).
